<?xml version="1.0" encoding="UTF-8"?>
<!-- Generated by org.testng.reporters.JUnitReportReporter -->
<testsuite skipped="1" hostname="HIBAWL71179" name="com.testng.java.TestNG_annotations" tests="2" failures="0" timestamp="17 Mar 2021 14:31:24 GMT" time="0.043" errors="0">
  <testcase name="groups" time="0.043" classname="com.testng.java.TestNG_annotations"/>
  <testcase name="ignored" classname="com.testng.java.TestNG_annotations">
    <skipped/>
  </testcase> <!-- ignored -->
</testsuite> <!-- com.testng.java.TestNG_annotations -->
