<?xml version="1.0" encoding="UTF-8"?>
<!-- Generated by org.testng.reporters.JUnitReportReporter -->
<testsuite skipped="0" hostname="HIBAWL71179" name="com.testng.java.SoftAssertDemo" tests="2" failures="0" timestamp="17 Mar 2021 13:53:54 GMT" time="29.776" errors="0">
  <testcase name="softAssert1" time="14.595" classname="com.testng.java.SoftAssertDemo"/>
  <testcase name="softAssert" time="15.181" classname="com.testng.java.SoftAssertDemo"/>
</testsuite> <!-- com.testng.java.SoftAssertDemo -->
