<?xml version="1.0" encoding="UTF-8"?>
<!-- Generated by org.testng.reporters.JUnitReportReporter -->
<testsuite skipped="0" hostname="HIBAWL71179" name="com.testng.java.ParallelExecution" tests="4" failures="0" timestamp="17 Mar 2021 14:06:45 GMT" time="0.118" errors="0">
  <testcase name="testMethod" time="0.029" classname="com.testng.java.ParallelExecution"/>
  <testcase name="testMethod" time="0.029" classname="com.testng.java.ParallelExecution"/>
  <testcase name="testMethod" time="0.030" classname="com.testng.java.ParallelExecution"/>
  <testcase name="testMethod" time="0.030" classname="com.testng.java.ParallelExecution"/>
</testsuite> <!-- com.testng.java.ParallelExecution -->
