<?xml version="1.0" encoding="UTF-8"?>
<!-- Generated by org.testng.reporters.JUnitReportReporter -->
<testsuite hostname="HIBAWL71179" name="com.testng.java.TestNG_groups" tests="2" failures="0" timestamp="19 Mar 2021 08:11:37 GMT" time="0.030" errors="0">
  <testcase name="group_method1" time="0.015" classname="com.testng.java.TestNG_groups"/>
  <testcase name="group_method" time="0.015" classname="com.testng.java.TestNG_groups"/>
</testsuite> <!-- com.testng.java.TestNG_groups -->
